[0714/102136:ERROR:process_info.cc(608)] range at 0xfe5cf000, size 0x230 fully unreadable
[0714/102136:ERROR:process_reader_win.cc(232)] ReadMemory at 0x6e3f0000 of 64 bytes failed: Only part of a ReadProcessMemory or WriteProcessMemory request was completed. (0x12B)
[0714/102136:WARNING:pe_image_reader.cc(280)] could not read dos header from C:\Program Files (x86)\Kaspersky Lab\Kaspersky Anti-Virus 16.0.0\inproc_agent.dll
[0714/102136:ERROR:process_reader_win.cc(232)] ReadMemory at 0x74e20000 of 64 bytes failed: Only part of a ReadProcessMemory or WriteProcessMemory request was completed. (0x12B)
[0714/102136:WARNING:pe_image_reader.cc(280)] could not read dos header from C:\Program Files (x86)\Kaspersky Lab\Kaspersky Anti-Virus 16.0.0\product_info.dll
[0714/102136:ERROR:process_reader_win.cc(232)] ReadMemory at 0x6e3b0000 of 64 bytes failed: Only part of a ReadProcessMemory or WriteProcessMemory request was completed. (0x12B)
[0714/102136:WARNING:pe_image_reader.cc(280)] could not read dos header from C:\ProgramData\Kaspersky Lab\AVP16.0.0\Bases\klsihk.dll
[0714/102136:ERROR:process_reader_win.cc(232)] ReadMemory at 0x6f8b0000 of 64 bytes failed: Only part of a ReadProcessMemory or WriteProcessMemory request was completed. (0x12B)
[0714/102136:WARNING:pe_image_reader.cc(280)] could not read dos header from C:\Windows\SYSTEM32\WINMM.dll
[0714/102136:ERROR:process_reader_win.cc(232)] ReadMemory at 0x74ec0000 of 64 bytes failed: Only part of a ReadProcessMemory or WriteProcessMemory request was completed. (0x12B)
[0714/102136:WARNING:pe_image_reader.cc(280)] could not read dos header from C:\Windows\SYSTEM32\profapi.dll
[0714/102136:ERROR:process_reader_win.cc(232)] ReadMemory at 0x74f30000 of 64 bytes failed: Only part of a ReadProcessMemory or WriteProcessMemory request was completed. (0x12B)
[0714/102136:WARNING:pe_image_reader.cc(280)] could not read dos header from C:\Windows\SYSTEM32\USERENV.dll
[0714/102136:ERROR:process_reader_win.cc(232)] ReadMemory at 0x74fc0000 of 64 bytes failed: Only part of a ReadProcessMemory or WriteProcessMemory request was completed. (0x12B)
[0714/102136:WARNING:pe_image_reader.cc(280)] could not read dos header from C:\Windows\SYSTEM32\WTSAPI32.dll
[0714/102136:ERROR:process_reader_win.cc(232)] ReadMemory at 0x72780000 of 64 bytes failed: Only part of a ReadProcessMemory or WriteProcessMemory request was completed. (0x12B)
[0714/102136:WARNING:pe_image_reader.cc(280)] could not read dos header from C:\Windows\SYSTEM32\WINHTTP.dll
[0714/102136:ERROR:process_reader_win.cc(232)] ReadMemory at 0x72d60000 of 64 bytes failed: Only part of a ReadProcessMemory or WriteProcessMemory request was completed. (0x12B)
[0714/102136:WARNING:pe_image_reader.cc(280)] could not read dos header from C:\Windows\SYSTEM32\shcore.dll
[0714/102136:ERROR:process_reader_win.cc(232)] ReadMemory at 0x68be0000 of 64 bytes failed: Only part of a ReadProcessMemory or WriteProcessMemory request was completed. (0x12B)
[0714/102136:WARNING:pe_image_reader.cc(280)] could not read dos header from C:\Windows\SYSTEM32\WINSPOOL.DRV
[0714/102136:ERROR:process_reader_win.cc(232)] ReadMemory at 0x71150000 of 64 bytes failed: Only part of a ReadProcessMemory or WriteProcessMemory request was completed. (0x12B)
[0714/102136:WARNING:pe_image_reader.cc(280)] could not read dos header from C:\Windows\WinSxS\x86_microsoft.windows.common-controls_6595b64144ccf1df_6.0.9600.18006_none_a9ec6aab013aafee\COMCTL32.dll
[0714/102136:ERROR:process_reader_win.cc(232)] ReadMemory at 0x73fa0000 of 64 bytes failed: Only part of a ReadProcessMemory or WriteProcessMemory request was completed. (0x12B)
[0714/102136:WARNING:pe_image_reader.cc(280)] could not read dos header from C:\Windows\SYSTEM32\WINNSI.DLL
[0714/102136:ERROR:process_reader_win.cc(232)] ReadMemory at 0x73fb0000 of 64 bytes failed: Only part of a ReadProcessMemory or WriteProcessMemory request was completed. (0x12B)
[0714/102136:WARNING:pe_image_reader.cc(280)] could not read dos header from C:\Windows\SYSTEM32\IPHLPAPI.DLL
[0714/102136:ERROR:process_reader_win.cc(232)] ReadMemory at 0x6bff0000 of 64 bytes failed: Only part of a ReadProcessMemory or WriteProcessMemory request was completed. (0x12B)
[0714/102136:WARNING:pe_image_reader.cc(280)] could not read dos header from C:\Windows\SYSTEM32\USP10.dll
[0714/102136:ERROR:process_reader_win.cc(232)] ReadMemory at 0x74f20000 of 64 bytes failed: Only part of a ReadProcessMemory or WriteProcessMemory request was completed. (0x12B)
[0714/102136:WARNING:pe_image_reader.cc(280)] could not read dos header from C:\Windows\SYSTEM32\Secur32.dll
[0714/102136:ERROR:process_reader_win.cc(232)] ReadMemory at 0x68c50000 of 64 bytes failed: Only part of a ReadProcessMemory or WriteProcessMemory request was completed. (0x12B)
[0714/102136:WARNING:pe_image_reader.cc(280)] could not read dos header from C:\Program Files (x86)\Google\Chrome\Application\51.0.2704.103\chrome_child.dll
[0714/102136:ERROR:process_reader_win.cc(232)] ReadMemory at 0x6bd70000 of 64 bytes failed: Only part of a ReadProcessMemory or WriteProcessMemory request was completed. (0x12B)
[0714/102136:WARNING:pe_image_reader.cc(280)] could not read dos header from C:\Windows\SYSTEM32\dwrite.dll
[0714/102136:ERROR:process_reader_win.cc(232)] ReadMemory at 0x757a0000 of 64 bytes failed: Only part of a ReadProcessMemory or WriteProcessMemory request was completed. (0x12B)
[0714/102136:WARNING:pe_image_reader.cc(280)] could not read dos header from C:\Windows\SYSTEM32\msvcrt.dll
[0714/102136:ERROR:process_reader_win.cc(232)] ReadMemory at 0x752e0000 of 64 bytes failed: Only part of a ReadProcessMemory or WriteProcessMemory request was completed. (0x12B)
[0714/102136:WARNING:pe_image_reader.cc(280)] could not read dos header from C:\Windows\SYSTEM32\bcryptPrimitives.dll
[0714/102136:ERROR:process_reader_win.cc(232)] ReadMemory at 0x75340000 of 64 bytes failed: Only part of a ReadProcessMemory or WriteProcessMemory request was completed. (0x12B)
[0714/102136:WARNING:pe_image_reader.cc(280)] could not read dos header from C:\Windows\SYSTEM32\CRYPTBASE.dll
[0714/102136:ERROR:process_reader_win.cc(232)] ReadMemory at 0x75370000 of 64 bytes failed: Only part of a ReadProcessMemory or WriteProcessMemory request was completed. (0x12B)
[0714/102136:WARNING:pe_image_reader.cc(280)] could not read dos header from C:\Windows\SYSTEM32\ADVAPI32.dll
[0714/102136:ERROR:process_reader_win.cc(232)] ReadMemory at 0x6f8e0000 of 64 bytes failed: Only part of a ReadProcessMemory or WriteProcessMemory request was completed. (0x12B)
[0714/102136:WARNING:pe_image_reader.cc(280)] could not read dos header from C:\Program Files (x86)\Google\Chrome\Application\51.0.2704.103\chrome_elf.dll
[0714/102136:ERROR:process_reader_win.cc(232)] ReadMemory at 0x74f50000 of 64 bytes failed: Only part of a ReadProcessMemory or WriteProcessMemory request was completed. (0x12B)
[0714/102136:WARNING:pe_image_reader.cc(280)] could not read dos header from C:\Windows\SYSTEM32\VERSION.dll
[0714/102136:ERROR:process_reader_win.cc(232)] ReadMemory at 0x75550000 of 64 bytes failed: Only part of a ReadProcessMemory or WriteProcessMemory request was completed. (0x12B)
[0714/102136:WARNING:pe_image_reader.cc(280)] could not read dos header from C:\Windows\SYSTEM32\cfgmgr32.dll
[0714/102136:ERROR:process_reader_win.cc(232)] ReadMemory at 0x6e740000 of 64 bytes failed: Only part of a ReadProcessMemory or WriteProcessMemory request was completed. (0x12B)
[0714/102136:WARNING:pe_image_reader.cc(280)] could not read dos header from C:\Windows\SYSTEM32\DEVOBJ.dll
[0714/102136:ERROR:process_reader_win.cc(232)] ReadMemory at 0x6f880000 of 64 bytes failed: Only part of a ReadProcessMemory or WriteProcessMemory request was completed. (0x12B)
[0714/102136:WARNING:pe_image_reader.cc(280)] could not read dos header from C:\Windows\SYSTEM32\WINMMBASE.dll
[0714/102136:ERROR:process_reader_win.cc(232)] ReadMemory at 0x753f0000 of 64 bytes failed: Only part of a ReadProcessMemory or WriteProcessMemory request was completed. (0x12B)
[0714/102136:WARNING:pe_image_reader.cc(280)] could not read dos header from C:\Windows\SYSTEM32\USER32.dll
[0714/102136:ERROR:process_reader_win.cc(232)] ReadMemory at 0x6e3f0000 of 64 bytes failed: Only part of a ReadProcessMemory or WriteProcessMemory request was completed. (0x12B)
[0714/102136:WARNING:pe_image_reader.cc(280)] could not read dos header from C:\Program Files (x86)\Kaspersky Lab\Kaspersky Anti-Virus 16.0.0\inproc_agent.dll
[0714/102136:ERROR:process_reader_win.cc(232)] ReadMemory at 0x74e20000 of 64 bytes failed: Only part of a ReadProcessMemory or WriteProcessMemory request was completed. (0x12B)
[0714/102136:WARNING:pe_image_reader.cc(280)] could not read dos header from C:\Program Files (x86)\Kaspersky Lab\Kaspersky Anti-Virus 16.0.0\product_info.dll
[0714/102136:ERROR:process_reader_win.cc(232)] ReadMemory at 0x6e3b0000 of 64 bytes failed: Only part of a ReadProcessMemory or WriteProcessMemory request was completed. (0x12B)
[0714/102136:WARNING:pe_image_reader.cc(280)] could not read dos header from C:\ProgramData\Kaspersky Lab\AVP16.0.0\Bases\klsihk.dll
[0714/102136:ERROR:process_reader_win.cc(232)] ReadMemory at 0x6f8b0000 of 64 bytes failed: Only part of a ReadProcessMemory or WriteProcessMemory request was completed. (0x12B)
[0714/102136:WARNING:pe_image_reader.cc(280)] could not read dos header from C:\Windows\SYSTEM32\WINMM.dll
[0714/102136:ERROR:process_reader_win.cc(232)] ReadMemory at 0x74ec0000 of 64 bytes failed: Only part of a ReadProcessMemory or WriteProcessMemory request was completed. (0x12B)
[0714/102136:WARNING:pe_image_reader.cc(280)] could not read dos header from C:\Windows\SYSTEM32\profapi.dll
[0714/102136:ERROR:process_reader_win.cc(232)] ReadMemory at 0x74f30000 of 64 bytes failed: Only part of a ReadProcessMemory or WriteProcessMemory request was completed. (0x12B)
[0714/102136:WARNING:pe_image_reader.cc(280)] could not read dos header from C:\Windows\SYSTEM32\USERENV.dll
[0714/102136:ERROR:process_reader_win.cc(232)] ReadMemory at 0x74fc0000 of 64 bytes failed: Only part of a ReadProcessMemory or WriteProcessMemory request was completed. (0x12B)
[0714/102136:WARNING:pe_image_reader.cc(280)] could not read dos header from C:\Windows\SYSTEM32\WTSAPI32.dll
[0714/102136:ERROR:process_reader_win.cc(232)] ReadMemory at 0x75590000 of 64 bytes failed: Only part of a ReadProcessMemory or WriteProcessMemory request was completed. (0x12B)
[0714/102136:WARNING:pe_image_reader.cc(280)] could not read dos header from C:\Windows\SYSTEM32\combase.dll
[0714/102136:ERROR:process_reader_win.cc(232)] ReadMemory at 0x72780000 of 64 bytes failed: Only part of a ReadProcessMemory or WriteProcessMemory request was completed. (0x12B)
[0714/102136:WARNING:pe_image_reader.cc(280)] could not read dos header from C:\Windows\SYSTEM32\WINHTTP.dll
[0714/102136:ERROR:process_reader_win.cc(232)] ReadMemory at 0x72d60000 of 64 bytes failed: Only part of a ReadProcessMemory or WriteProcessMemory request was completed. (0x12B)
[0714/102136:WARNING:pe_image_reader.cc(280)] could not read dos header from C:\Windows\SYSTEM32\shcore.dll
[0714/102136:ERROR:process_reader_win.cc(232)] ReadMemory at 0x68be0000 of 64 bytes failed: Only part of a ReadProcessMemory or WriteProcessMemory request was completed. (0x12B)
[0714/102136:WARNING:pe_image_reader.cc(280)] could not read dos header from C:\Windows\SYSTEM32\WINSPOOL.DRV
[0714/102136:ERROR:process_reader_win.cc(232)] ReadMemory at 0x71150000 of 64 bytes failed: Only part of a ReadProcessMemory or WriteProcessMemory request was completed. (0x12B)
[0714/102136:WARNING:pe_image_reader.cc(280)] could not read dos header from C:\Windows\WinSxS\x86_microsoft.windows.common-controls_6595b64144ccf1df_6.0.9600.18006_none_a9ec6aab013aafee\COMCTL32.dll
[0714/102136:ERROR:process_reader_win.cc(232)] ReadMemory at 0x73fa0000 of 64 bytes failed: Only part of a ReadProcessMemory or WriteProcessMemory request was completed. (0x12B)
[0714/102136:WARNING:pe_image_reader.cc(280)] could not read dos header from C:\Windows\SYSTEM32\WINNSI.DLL
[0714/102136:ERROR:process_reader_win.cc(232)] ReadMemory at 0x73fb0000 of 64 bytes failed: Only part of a ReadProcessMemory or WriteProcessMemory request was completed. (0x12B)
[0714/102136:WARNING:pe_image_reader.cc(280)] could not read dos header from C:\Windows\SYSTEM32\IPHLPAPI.DLL
[0714/102136:ERROR:process_reader_win.cc(232)] ReadMemory at 0x6bff0000 of 64 bytes failed: Only part of a ReadProcessMemory or WriteProcessMemory request was completed. (0x12B)
[0714/102136:WARNING:pe_image_reader.cc(280)] could not read dos header from C:\Windows\SYSTEM32\USP10.dll
[0714/102136:ERROR:process_reader_win.cc(232)] ReadMemory at 0x74f20000 of 64 bytes failed: Only part of a ReadProcessMemory or WriteProcessMemory request was completed. (0x12B)
[0714/102136:WARNING:pe_image_reader.cc(280)] could not read dos header from C:\Windows\SYSTEM32\Secur32.dll
[0714/102136:ERROR:process_reader_win.cc(232)] ReadMemory at 0x68c50000 of 64 bytes failed: Only part of a ReadProcessMemory or WriteProcessMemory request was completed. (0x12B)
[0714/102136:WARNING:pe_image_reader.cc(280)] could not read dos header from C:\Program Files (x86)\Google\Chrome\Application\51.0.2704.103\chrome_child.dll
[0714/102136:ERROR:process_reader_win.cc(232)] ReadMemory at 0x6bd70000 of 64 bytes failed: Only part of a ReadProcessMemory or WriteProcessMemory request was completed. (0x12B)
[0714/102136:WARNING:pe_image_reader.cc(280)] could not read dos header from C:\Windows\SYSTEM32\dwrite.dll
[0714/102136:ERROR:process_reader_win.cc(141)] SuspendThread: Access is denied. (0x5)
[0714/102136:ERROR:process_reader_win.cc(232)] ReadMemory at 0x2e0000 of 64 bytes failed: Only part of a ReadProcessMemory or WriteProcessMemory request was completed. (0x12B)
[0714/102136:WARNING:pe_image_reader.cc(280)] could not read dos header from C:\Program Files (x86)\Google\Chrome\Application\chrome.exe
[0714/102136:ERROR:process_reader_win.cc(232)] ReadMemory at 0x77b60000 of 64 bytes failed: Only part of a ReadProcessMemory or WriteProcessMemory request was completed. (0x12B)
[0714/102136:WARNING:pe_image_reader.cc(280)] could not read dos header from C:\Windows\SYSTEM32\ntdll.dll
[0714/102136:ERROR:process_reader_win.cc(232)] ReadMemory at 0x77840000 of 64 bytes failed: Only part of a ReadProcessMemory or WriteProcessMemory request was completed. (0x12B)
[0714/102136:WARNING:pe_image_reader.cc(280)] could not read dos header from C:\Windows\SYSTEM32\KERNELBASE.dll
[0714/102136:ERROR:process_reader_win.cc(232)] ReadMemory at 0x774b0000 of 64 bytes failed: Only part of a ReadProcessMemory or WriteProcessMemory request was completed. (0x12B)
[0714/102136:WARNING:pe_image_reader.cc(280)] could not read dos header from C:\Windows\SYSTEM32\KERNEL32.DLL
[0714/102136:ERROR:process_reader_win.cc(232)] ReadMemory at 0x757a0000 of 64 bytes failed: Only part of a ReadProcessMemory or WriteProcessMemory request was completed. (0x12B)
[0714/102136:WARNING:pe_image_reader.cc(280)] could not read dos header from C:\Windows\SYSTEM32\msvcrt.dll
[0714/102136:ERROR:process_reader_win.cc(232)] ReadMemory at 0x752e0000 of 64 bytes failed: Only part of a ReadProcessMemory or WriteProcessMemory request was completed. (0x12B)
[0714/102136:WARNING:pe_image_reader.cc(280)] could not read dos header from C:\Windows\SYSTEM32\bcryptPrimitives.dll
[0714/102136:ERROR:process_reader_win.cc(232)] ReadMemory at 0x75340000 of 64 bytes failed: Only part of a ReadProcessMemory or WriteProcessMemory request was completed. (0x12B)
[0714/102136:WARNING:pe_image_reader.cc(280)] could not read dos header from C:\Windows\SYSTEM32\CRYPTBASE.dll
[0714/102136:ERROR:process_reader_win.cc(232)] ReadMemory at 0x75b50000 of 64 bytes failed: Only part of a ReadProcessMemory or WriteProcessMemory request was completed. (0x12B)
[0714/102136:WARNING:pe_image_reader.cc(280)] could not read dos header from C:\Windows\SYSTEM32\SspiCli.dll
[0714/102136:ERROR:process_reader_win.cc(232)] ReadMemory at 0x75cd0000 of 64 bytes failed: Only part of a ReadProcessMemory or WriteProcessMemory request was completed. (0x12B)
[0714/102136:WARNING:pe_image_reader.cc(280)] could not read dos header from C:\Windows\SYSTEM32\RPCRT4.dll
[0714/102136:ERROR:process_reader_win.cc(232)] ReadMemory at 0x77600000 of 64 bytes failed: Only part of a ReadProcessMemory or WriteProcessMemory request was completed. (0x12B)
[0714/102136:WARNING:pe_image_reader.cc(280)] could not read dos header from C:\Windows\SYSTEM32\sechost.dll
[0714/102136:ERROR:process_reader_win.cc(232)] ReadMemory at 0x75370000 of 64 bytes failed: Only part of a ReadProcessMemory or WriteProcessMemory request was completed. (0x12B)
[0714/102136:WARNING:pe_image_reader.cc(280)] could not read dos header from C:\Windows\SYSTEM32\ADVAPI32.dll
[0714/102136:ERROR:process_reader_win.cc(232)] ReadMemory at 0x6f8e0000 of 64 bytes failed: Only part of a ReadProcessMemory or WriteProcessMemory request was completed. (0x12B)
[0714/102136:WARNING:pe_image_reader.cc(280)] could not read dos header from C:\Program Files (x86)\Google\Chrome\Application\51.0.2704.103\chrome_elf.dll
[0714/102136:ERROR:process_reader_win.cc(232)] ReadMemory at 0x74f50000 of 64 bytes failed: Only part of a ReadProcessMemory or WriteProcessMemory request was completed. (0x12B)
[0714/102136:WARNING:pe_image_reader.cc(280)] could not read dos header from C:\Windows\SYSTEM32\VERSION.dll
[0714/102136:ERROR:process_reader_win.cc(232)] ReadMemory at 0x75550000 of 64 bytes failed: Only part of a ReadProcessMemory or WriteProcessMemory request was completed. (0x12B)
[0714/102136:WARNING:pe_image_reader.cc(280)] could not read dos header from C:\Windows\SYSTEM32\cfgmgr32.dll
[0714/102136:ERROR:process_reader_win.cc(232)] ReadMemory at 0x6e740000 of 64 bytes failed: Only part of a ReadProcessMemory or WriteProcessMemory request was completed. (0x12B)
[0714/102136:WARNING:pe_image_reader.cc(280)] could not read dos header from C:\Windows\SYSTEM32\DEVOBJ.dll
[0714/102136:ERROR:process_reader_win.cc(232)] ReadMemory at 0x6f880000 of 64 bytes failed: Only part of a ReadProcessMemory or WriteProcessMemory request was completed. (0x12B)
[0714/102136:WARNING:pe_image_reader.cc(280)] could not read dos header from C:\Windows\SYSTEM32\WINMMBASE.dll
[0714/102136:ERROR:process_reader_win.cc(232)] ReadMemory at 0x773a0000 of 64 bytes failed: Only part of a ReadProcessMemory or WriteProcessMemory request was completed. (0x12B)
[0714/102136:WARNING:pe_image_reader.cc(280)] could not read dos header from C:\Windows\SYSTEM32\GDI32.dll
[0714/102136:ERROR:process_reader_win.cc(232)] ReadMemory at 0x753f0000 of 64 bytes failed: Only part of a ReadProcessMemory or WriteProcessMemory request was completed. (0x12B)
[0714/102136:WARNING:pe_image_reader.cc(280)] could not read dos header from C:\Windows\SYSTEM32\USER32.dll
[0714/102136:ERROR:process_reader_win.cc(232)] ReadMemory at 0x6e3f0000 of 64 bytes failed: Only part of a ReadProcessMemory or WriteProcessMemory request was completed. (0x12B)
[0714/102136:WARNING:pe_image_reader.cc(280)] could not read dos header from C:\Program Files (x86)\Kaspersky Lab\Kaspersky Anti-Virus 16.0.0\inproc_agent.dll
[0714/102136:ERROR:process_reader_win.cc(232)] ReadMemory at 0x74e20000 of 64 bytes failed: Only part of a ReadProcessMemory or WriteProcessMemory request was completed. (0x12B)
[0714/102136:WARNING:pe_image_reader.cc(280)] could not read dos header from C:\Program Files (x86)\Kaspersky Lab\Kaspersky Anti-Virus 16.0.0\product_info.dll
[0714/102136:ERROR:process_reader_win.cc(232)] ReadMemory at 0x6e3b0000 of 64 bytes failed: Only part of a ReadProcessMemory or WriteProcessMemory request was completed. (0x12B)
[0714/102136:WARNING:pe_image_reader.cc(280)] could not read dos header from C:\ProgramData\Kaspersky Lab\AVP16.0.0\Bases\klsihk.dll
[0714/102136:ERROR:process_reader_win.cc(232)] ReadMemory at 0x75900000 of 64 bytes failed: Only part of a ReadProcessMemory or WriteProcessMemory request was completed. (0x12B)
[0714/102136:WARNING:pe_image_reader.cc(280)] could not read dos header from C:\Windows\SYSTEM32\MSCTF.dll
[0714/102136:ERROR:process_reader_win.cc(232)] ReadMemory at 0x75da0000 of 64 bytes failed: Only part of a ReadProcessMemory or WriteProcessMemory request was completed. (0x12B)
[0714/102136:WARNING:pe_image_reader.cc(280)] could not read dos header from C:\Windows\system32\IMM32.DLL
[0714/102136:ERROR:process_reader_win.cc(232)] ReadMemory at 0x6f8b0000 of 64 bytes failed: Only part of a ReadProcessMemory or WriteProcessMemory request was completed. (0x12B)
[0714/102136:WARNING:pe_image_reader.cc(280)] could not read dos header from C:\Windows\SYSTEM32\WINMM.dll
[0714/102136:ERROR:process_reader_win.cc(232)] ReadMemory at 0x74ec0000 of 64 bytes failed: Only part of a ReadProcessMemory or WriteProcessMemory request was completed. (0x12B)
[0714/102136:WARNING:pe_image_reader.cc(280)] could not read dos header from C:\Windows\SYSTEM32\profapi.dll
[0714/102136:ERROR:process_reader_win.cc(232)] ReadMemory at 0x74f30000 of 64 bytes failed: Only part of a ReadProcessMemory or WriteProcessMemory request was completed. (0x12B)
[0714/102136:WARNING:pe_image_reader.cc(280)] could not read dos header from C:\Windows\SYSTEM32\USERENV.dll
[0714/102136:ERROR:process_reader_win.cc(232)] ReadMemory at 0x74fc0000 of 64 bytes failed: Only part of a ReadProcessMemory or WriteProcessMemory request was completed. (0x12B)
[0714/102136:WARNING:pe_image_reader.cc(280)] could not read dos header from C:\Windows\SYSTEM32\WTSAPI32.dll
[0714/102136:ERROR:process_reader_win.cc(232)] ReadMemory at 0x75590000 of 64 bytes failed: Only part of a ReadProcessMemory or WriteProcessMemory request was completed. (0x12B)
[0714/102136:WARNING:pe_image_reader.cc(280)] could not read dos header from C:\Windows\SYSTEM32\combase.dll
[0714/102136:ERROR:process_reader_win.cc(232)] ReadMemory at 0x72780000 of 64 bytes failed: Only part of a ReadProcessMemory or WriteProcessMemory request was completed. (0x12B)
[0714/102136:WARNING:pe_image_reader.cc(280)] could not read dos header from C:\Windows\SYSTEM32\WINHTTP.dll
[0714/102136:ERROR:process_reader_win.cc(232)] ReadMemory at 0x75bc0000 of 64 bytes failed: Only part of a ReadProcessMemory or WriteProcessMemory request was completed. (0x12B)
[0714/102136:WARNING:pe_image_reader.cc(280)] could not read dos header from C:\Windows\SYSTEM32\SHLWAPI.dll
[0714/102136:ERROR:process_reader_win.cc(232)] ReadMemory at 0x760e0000 of 64 bytes failed: Only part of a ReadProcessMemory or WriteProcessMemory request was completed. (0x12B)
[0714/102136:WARNING:pe_image_reader.cc(280)] could not read dos header from C:\Windows\SYSTEM32\SHELL32.dll
[0714/102136:ERROR:process_reader_win.cc(232)] ReadMemory at 0x72d60000 of 64 bytes failed: Only part of a ReadProcessMemory or WriteProcessMemory request was completed. (0x12B)
[0714/102136:WARNING:pe_image_reader.cc(280)] could not read dos header from C:\Windows\SYSTEM32\shcore.dll
[0714/102136:ERROR:process_reader_win.cc(232)] ReadMemory at 0x75cb0000 of 64 bytes failed: Only part of a ReadProcessMemory or WriteProcessMemory request was completed. (0x12B)
[0714/102136:WARNING:pe_image_reader.cc(280)] could not read dos header from C:\Windows\SYSTEM32\PSAPI.DLL
[0714/102136:ERROR:process_reader_win.cc(232)] ReadMemory at 0x68be0000 of 64 bytes failed: Only part of a ReadProcessMemory or WriteProcessMemory request was completed. (0x12B)
[0714/102136:WARNING:pe_image_reader.cc(280)] could not read dos header from C:\Windows\SYSTEM32\WINSPOOL.DRV
[0714/102136:ERROR:process_reader_win.cc(232)] ReadMemory at 0x71150000 of 64 bytes failed: Only part of a ReadProcessMemory or WriteProcessMemory request was completed. (0x12B)
[0714/102136:WARNING:pe_image_reader.cc(280)] could not read dos header from C:\Windows\WinSxS\x86_microsoft.windows.common-controls_6595b64144ccf1df_6.0.9600.18006_none_a9ec6aab013aafee\COMCTL32.dll
[0714/102136:ERROR:process_reader_win.cc(232)] ReadMemory at 0x75e70000 of 64 bytes failed: Only part of a ReadProcessMemory or WriteProcessMemory request was completed. (0x12B)
[0714/102136:WARNING:pe_image_reader.cc(280)] could not read dos header from C:\Windows\SYSTEM32\COMDLG32.dll
[0714/102136:ERROR:process_reader_win.cc(232)] ReadMemory at 0x75a20000 of 64 bytes failed: Only part of a ReadProcessMemory or WriteProcessMemory request was completed. (0x12B)
[0714/102136:WARNING:pe_image_reader.cc(280)] could not read dos header from C:\Windows\SYSTEM32\ole32.dll
[0714/102136:ERROR:process_reader_win.cc(232)] ReadMemory at 0x75dd0000 of 64 bytes failed: Only part of a ReadProcessMemory or WriteProcessMemory request was completed. (0x12B)
[0714/102136:WARNING:pe_image_reader.cc(280)] could not read dos header from C:\Windows\SYSTEM32\OLEAUT32.dll
[0714/102136:ERROR:process_reader_win.cc(232)] ReadMemory at 0x775f0000 of 64 bytes failed: Only part of a ReadProcessMemory or WriteProcessMemory request was completed. (0x12B)
[0714/102136:WARNING:pe_image_reader.cc(280)] could not read dos header from C:\Windows\SYSTEM32\NSI.dll
[0714/102136:ERROR:process_reader_win.cc(232)] ReadMemory at 0x73fa0000 of 64 bytes failed: Only part of a ReadProcessMemory or WriteProcessMemory request was completed. (0x12B)
[0714/102136:WARNING:pe_image_reader.cc(280)] could not read dos header from C:\Windows\SYSTEM32\WINNSI.DLL
[0714/102136:ERROR:process_reader_win.cc(232)] ReadMemory at 0x73fb0000 of 64 bytes failed: Only part of a ReadProcessMemory or WriteProcessMemory request was completed. (0x12B)
[0714/102136:WARNING:pe_image_reader.cc(280)] could not read dos header from C:\Windows\SYSTEM32\IPHLPAPI.DLL
[0714/102136:ERROR:process_reader_win.cc(232)] ReadMemory at 0x75b70000 of 64 bytes failed: Only part of a ReadProcessMemory or WriteProcessMemory request was completed. (0x12B)
[0714/102136:WARNING:pe_image_reader.cc(280)] could not read dos header from C:\Windows\SYSTEM32\WS2_32.dll
[0714/102136:ERROR:process_reader_win.cc(232)] ReadMemory at 0x6bff0000 of 64 bytes failed: Only part of a ReadProcessMemory or WriteProcessMemory request was completed. (0x12B)
[0714/102136:WARNING:pe_image_reader.cc(280)] could not read dos header from C:\Windows\SYSTEM32\USP10.dll
[0714/102136:ERROR:process_reader_win.cc(232)] ReadMemory at 0x75d90000 of 64 bytes failed: Only part of a ReadProcessMemory or WriteProcessMemory request was completed. (0x12B)
[0714/102136:WARNING:pe_image_reader.cc(280)] could not read dos header from C:\Windows\SYSTEM32\MSASN1.dll
[0714/102136:ERROR:process_reader_win.cc(232)] ReadMemory at 0x776b0000 of 64 bytes failed: Only part of a ReadProcessMemory or WriteProcessMemory request was completed. (0x12B)
[0714/102136:WARNING:pe_image_reader.cc(280)] could not read dos header from C:\Windows\SYSTEM32\CRYPT32.dll
[0714/102136:ERROR:process_reader_win.cc(232)] ReadMemory at 0x75c70000 of 64 bytes failed: Only part of a ReadProcessMemory or WriteProcessMemory request was completed. (0x12B)
[0714/102136:WARNING:pe_image_reader.cc(280)] could not read dos header from C:\Windows\SYSTEM32\WINTRUST.dll
[0714/102136:ERROR:process_reader_win.cc(232)] ReadMemory at 0x74f20000 of 64 bytes failed: Only part of a ReadProcessMemory or WriteProcessMemory request was completed. (0x12B)
[0714/102136:WARNING:pe_image_reader.cc(280)] could not read dos header from C:\Windows\SYSTEM32\Secur32.dll
[0714/102136:ERROR:process_reader_win.cc(232)] ReadMemory at 0x68c50000 of 64 bytes failed: Only part of a ReadProcessMemory or WriteProcessMemory request was completed. (0x12B)
[0714/102136:WARNING:pe_image_reader.cc(280)] could not read dos header from C:\Program Files (x86)\Google\Chrome\Application\51.0.2704.103\chrome_child.dll
[0714/102136:ERROR:process_reader_win.cc(232)] ReadMemory at 0x6bd70000 of 64 bytes failed: Only part of a ReadProcessMemory or WriteProcessMemory request was completed. (0x12B)
[0714/102136:WARNING:pe_image_reader.cc(280)] could not read dos header from C:\Windows\SYSTEM32\dwrite.dll
[0714/102136:ERROR:process_reader_win.cc(232)] ReadMemory at 0x39c374 of 12 bytes failed: Only part of a ReadProcessMemory or WriteProcessMemory request was completed. (0x12B)
[0714/102136:WARNING:process_snapshot_win.cc(102)] ReadMemory ExceptionInformation failed
[0714/102136:WARNING:crash_report_exception_handler.cc(60)] ProcessSnapshotWin::InitializeException failed
[0714/102136:ERROR:scoped_process_suspend.cc(38)] NtResumeProcess, ntstatus=-1073741558
